This is pdfTeX, Version 3.141592653-2.6-1.40.22 (TeX Live 2021 Gentoo Linux) (preloaded format=pdflatex 2022.3.3)  6 MAR 2022 13:12
entering extended mode
 restricted \write18 enabled.
 %&-line parsing enabled.
**stackdepth.c
(./stackdepth.c
LaTeX2e <2020-10-01> patch level 4
L3 programming layer <2021-02-18>
! You can't use `macro parameter character #' in vertical mode.
l.1 #
     include <xinu.h>
? 
! Emergency stop.
l.1 #
     include <xinu.h>
End of file on the terminal!

 
Here is how much of TeX's memory you used:
 17 strings out of 480954
 406 string characters out of 5908243
 278000 words of memory out of 5000000
 17349 multiletter control sequences out of 15000+600000
 403430 words of font info for 27 fonts, out of 8000000 for 9000
 14 hyphenation exceptions out of 8191
 13i,0n,15p,61b,10s stack positions out of 5000i,500n,10000p,200000b,80000s
!  ==> Fatal error occurred, no output PDF file produced!
